1 0 100 200 
2 1 101 201 
3 2 102 202 
4 3 103 203 
5 4 104 204 
6 5 105 205 
7 6 106 206 
8 7 107 207 
9 8 108 208 
10 9 109 209 
11 10 110 210 
12 11 111 211 
13 12 112 212 
14 13 113 213 
15 14 114 214 
16 15 115 215 
17 16 116 216 
18 17 117 217 
19 18 118 218 
20 19 119 219 
21 20 120 220 
22 21 121 221 
23 22 122 222 
24 23 123 223 
25 24 124 224 
26 25 125 225 
27 26 126 226 
28 27 127 227 
29 28 128 228 
30 29 129 229 
31 30 130 230 
32 31 131 231 
33 32 132 232 
34 33 133 233 
35 34 134 234 
36 35 135 235 
37 36 136 236 
38 37 137 237 
39 38 138 238 
40 39 139 239 
41 40 140 240 
42 41 141 241 
43 42 142 242 
44 43 143 243 
45 44 144 244 
46 45 145 245 
47 46 146 246 
48 47 147 247 
49 48 148 248 
50 49 149 249 
51 50 150 250 
52 51 151 251 
53 52 152 252 
54 53 153 253 
55 54 154 254 
56 55 155 255 
57 56 156 256 
58 57 157 257 
59 58 158 258 
60 59 159 259 
61 60 160 260 
62 61 161 261 
63 62 162 262 
64 63 163 263 
65 64 164 264 
66 65 165 265 
67 66 166 266 
68 67 167 267 
69 68 168 268 
70 69 169 269 
71 70 170 270 
72 71 171 271 
73 72 172 272 
74 73 173 273 
75 74 174 274 
76 75 175 275 
77 76 176 276 
78 77 177 277 
79 78 178 278 
80 79 179 279 
81 80 180 280 
82 81 181 281 
83 82 182 282 
84 83 183 283 
85 84 184 284 
86 85 185 285 
87 86 186 286 
88 87 187 287 
89 88 188 288 
90 89 189 289 
91 90 190 290 
92 91 191 291 
93 92 192 292 
94 93 193 293 
95 94 194 294 
96 95 195 295 
97 96 196 296 
98 97 197 297 
99 98 198 298 
100 99 199 299 
