25 1900 169 4410 3530 8739 2250 122 9194 9556 6319 5824 7453 7728 2708 63 3011 8769 1133 8735 3898 5463 5760 9792 3413 2172 
25 7005 1984 4959 1725 3475 5794 8324 6803 8470 7231 2341 8511 4037 4638 8533 8005 528 9746 4967 1000 7533 7181 6342 4243 5127 
25 837 3855 1311 5711 9729 897 5838 1051 3748 7588 2104 2810 9725 2215 9122 7990 5800 7050 6611 8561 4160 9374 6339 4242 2185 
25 48 6361 95 5213 1738 5457 6261 867 4682 6324 8516 6299 4084 7815 1904 7022 9157 6948 4808 6079 6715 1367 479 8008 5125 
25 2009 7319 5218 7434 5743 3986 6857 4764 223 2362 8646 9375 9009 7299 9727 450 2394 6209 8404 1011 3911 1247 6650 4241 7581 
25 3156 6307 3409 8782 8072 6642 7857 6908 2921 7504 3912 7294 2434 6774 4743 964 1073 3109 7095 7315 5666 5859 6686 3456 5111 
25 303 6804 3239 9617 6815 3377 5243 4405 786 9247 5166 50 7620 1934 5947 4380 8696 5956 4731 8405 424 9461 70 4239 5110 
25 4839 5716 853 5359 5620 5569 8820 9300 9889 7879 5734 687 8958 5081 7452 8985 8380 9177 5436 1488 5011 1173 9967 3458 8994 
25 4094 1054 9503 9751 9219 6961 9070 3321 4258 4786 358 3331 9479 2381 2549 2582 7378 8385 9010 2342 2010 7206 73 8012 5067 
25 5497 6438 6399 1997 98 8715 8094 4159 5962 2861 1687 515 8010 3916 5338 3481 4462 3957 3093 68 3455 9465 6675 8013 2200 
25 1335 6003 4724 8376 4404 6939 2230 6290 8873 537 5211 5341 1775 5448 9500 5 9585 9446 454 2683 9432 7219 79 4220 2202 
25 445 7768 100 665 9276 4150 6597 3261 1307 5611 5558 1671 1850 5997 5722 6428 9643 8815 7752 5095 9635 5842 6667 8019 2203 
25 3580 5654 3270 2930 5064 7080 457 2497 6442 4092 7971 4482 3900 7634 6341 7706 2553 5762 1841 6065 8299 1242 6817 3478 2208 
25 8703 3739 5868 7595 2234 3424 1294 6020 4712 7360 7498 116 7159 3472 7439 791 1728 8142 3318 2347 2255 1244 9960 8441 2210 
25 1138 311 9819 7103 6657 2424 9376 370 9101 5880 7273 9093 2950 2229 919 2378 1618 8580 2583 4417 4273 7215 86 4298 2211 
25 4059 4346 8243 560 3666 8551 3295 9150 408 8976 946 2642 7875 8899 4027 4146 8849 1665 4418 6637 1576 5841 6665 8453 5108 
25 5137 2838 7041 8021 5847 3729 3451 1513 5453 7194 3429 4385 3937 3293 7354 9605 8356 4403 6555 3198 8221 7223 89 4296 7589 
25 1992 2316 1620 8187 5400 6480 5008 6741 9333 52 7177 7689 6957 2918 2678 8256 2966 5319 6489 1395 56 9430 9956 7964 2221 
25 4377 9137 942 342 9576 4099 8830 6398 1224 8793 2856 5810 9647 5337 2994 829 3226 2872 6878 6423 1095 5865 6687 3349 2223 
25 2949 3692 102 2641 3160 4213 4270 3271 9012 2236 1498 1260 5105 5863 167 1358 7880 9063 898 773 5587 5840 6644 3350 2224 
25 606 3840 2695 493 5777 864 8988 5915 3231 2960 8115 5532 4238 4810 5053 5349 2067 1969 7822 9257 6445 9467 6632 4292 8980 
25 3444 3830 3468 9623 6909 9923 9980 8143 1747 4137 6755 9416 5642 9285 363 8904 9755 7697 3250 3415 4320 7204 107 7968 5030 
25 7318 3758 1346 9737 7764 1330 6745 3999 6800 1181 9945 8665 1331 3696 9245 9502 9551 8574 4541 6482 1341 7201 6631 3367 2353 
25 7429 24 3057 7787 4877 5971 8188 1023 7562 924 9447 1243 9242 7155 8536 3100 4257 6535 7832 1586 3126 1254 124 7969 5044 
25 8292 8310 1843 2140 3866 724 4344 2129 4789 8181 7037 453 7387 367 5422 2517 8829 7639 2660 6958 6294 1213 6828 3378 8913 
25 7936 563 8213 6012 2523 9283 1529 5548 6378 283 1310 235 7711 3506 8140 9741 9468 2943 4517 6867 7976 5854 131 8443 2358 
25 4435 6004 8962 6677 494 4965 6927 183 2760 8481 7260 6704 5199 3201 5165 7607 6543 5346 4052 451 2819 5850 6626 4286 8910 
25 8630 2566 1630 7255 9645 2077 5748 5600 6669 2311 3163 8632 6232 373 3272 3906 7932 7788 416 651 6229 5855 6623 3238 2363 
25 9084 2060 5686 9156 3901 3436 6821 6066 4276 9801 4746 4569 2473 9856 7279 539 602 7469 6401 7079 9723 9448 6613 3386 8908 
25 8518 3245 6188 146 5070 4782 5579 2938 2913 9153 9682 894 1519 80 558 7454 4963 9095 652 9369 6295 1204 6840 7980 8907 
25 5018 6849 422 2797 697 881 1524 7164 3291 256 3553 4234 819 3777 2496 9252 2825 7413 8592 2469 9351 1212 143 3388 5037 
25 9888 9869 1784 5712 9513 9710 8990 3124 4617 2417 2160 8027 8679 2923 9295 2726 4009 9 6943 7068 8927 9454 9938 7983 8905 
25 6807 6048 8979 9262 5433 8038 9397 9774 7626 4038 3841 8136 5114 2757 3552 4950 5345 8780 1683 6769 2030 1202 20 8433 5035 
25 9913 5887 4525 4717 6360 7078 2395 682 821 7007 2971 1196 9662 3582 9780 1321 3683 9797 5121 7591 5157 5848 3927 3402 2373 
25 9256 3540 9685 9679 4331 575 6708 716 9985 2025 6680 5801 1787 1122 9047 8223 7313 4660 3248 1205 3809 5836 0 4277 2376 
25 5299 8489 3036 6746 7900 2718 499 6923 1999 5553 723 1684 3803 6557 2801 5229 9877 736 1798 3892 5607 7214 6775 8430 5046 
25 1815 2357 1511 9109 3430 7334 2000 8148 2892 3494 2041 2268 8697 684 5206 5986 2775 7821 8197 9308 1865 9443 6 8429 8900 
25 9675 1090 1227 3807 6013 6566 9195 5913 7661 3328 2232 1985 6056 3709 1749 640 2647 2894 6725 7888 5978 5857 7 7985 2408 
25 7952 6922 8786 934 4072 6138 1871 5593 8410 7272 8992 7352 5660 5951 6508 5546 9732 180 1953 4504 9126 1191 6770 7986 8898 
25 2576 3564 9090 9165 3370 1655 4045 8659 7274 6648 67 5733 3726 8400 7106 8491 4860 7216 755 8218 7597 1190 9993 3412 8897 
25 2296 5335 2275 8956 3362 6625 2714 4489 2213 2694 5738 989 1069 6100 7592 8702 4229 5754 4564 9431 6573 1226 6768 7842 8895 
25 1209 1869 553 1589 7984 949 1201 6977 7665 7285 7072 3089 468 8689 5217 28 6528 8931 8076 3113 2666 1230 12 7834 2410 
25 1664 6220 5087 5902 4532 6896 4279 3450 2246 7028 698 1727 309 6801 8706 981 9862 1517 5322 9210 2019 1185 9990 8612 2411 
25 3457 5089 1777 3790 8876 645 5045 7502 7570 9867 5220 9593 8496 7963 7819 6183 7096 3441 2131 4261 6453 9439 6766 8611 7632 
25 1993 568 3420 9595 4285 4720 8413 6422 5134 862 7573 3963 7684 5966 6619 9470 1126 5893 4067 4402 304 5798 6761 3032 5029 
25 190 8104 6903 5426 1251 1534 5240 1628 2264 9018 1541 6215 9352 8418 6082 8092 7061 2192 4097 3703 9558 5884 6753 3033 2427 
25 8271 6338 439 5539 5491 1324 5188 7407 4491 5864 3888 3437 6929 6679 3935 604 3486 9609 8563 4753 3929 7192 6606 8607 5020 
25 6783 8675 6924 9182 2393 4825 9784 9159 249 8645 3908 5350 346 5638 1832 9802 1183 5752 5215 2698 6612 7239 6750 4600 8887 
25 6135 8586 1605 5881 1930 2799 683 826 1756 608 9828 9506 9863 7902 6810 1231 5209 8756 9604 3734 3837 1140 6721 3035 7617 
25 9020 3188 3373 348 2079 6850 7967 3811 5092 8439 7680 4849 9582 4480 2699 8788 4032 9086 5560 8714 3576 9484 6717 4599 5065 
25 268 9411 629 2260 8973 7064 194 9512 2076 2558 9019 8170 4342 7308 9260 8224 9174 2701 855 7136 1249 1288 6702 4592 2300 
25 7293 4502 617 9731 4068 7287 8343 7630 7587 1876 319 4371 1416 9029 650 4254 4183 787 6035 1379 2073 7241 44 3041 8943 
25 5113 1512 1475 8940 8854 9671 5730 624 9929 7622 4822 9728 5793 4960 2435 3102 7717 7721 4518 6151 2623 5891 49 3042 8942 
25 6115 1267 6222 4756 6218 674 8548 1431 9983 7086 1857 3752 4306 1094 7671 8495 2149 3088 9338 4118 5274 1293 6700 3043 7611 
25 1528 5615 6639 2297 9238 6437 720 8760 6283 6758 9055 9163 8668 6906 3598 8639 4796 5506 9007 3039 9451 5817 6693 3028 8939 
25 5192 6607 992 8521 8486 3396 482 9075 5701 1711 9322 6776 2506 7754 6303 1028 8858 6301 5342 8451 4311 1137 54 3048 2307 
25 920 8112 3066 6842 8816 3512 8628 3717 967 6719 8220 4954 2295 7122 9607 5589 6673 4956 7530 8701 7089 1300 6690 4580 5063 
25 2920 1530 9255 4781 9838 9657 3495 6874 8438 2360 8498 2560 3374 8051 8771 4182 8096 1588 1383 371 6931 9488 58 8596 5059 
25 84 9549 718 6647 3606 4496 5393 9629 1217 6737 5909 4263 7018 1308 8911 5357 2522 3694 7362 9389 3265 1301 60 3063 2312 
25 1492 5751 4208 6749 4002 2397 8025 9927 2644 5479 7510 4824 2991 9579 5321 7644 5980 5344 2080 2987 5964 1136 240 8594 8934 
25 4379 4842 7864 8346 1412 1024 498 456 5632 4497 3496 9665 3680 4576 5164 1759 5469 5595 9251 4728 8704 1134 6869 3064 7615 
25 7640 8059 2992 8585 9912 3317 8993 1460 3114 279 4343 2484 9073 4505 2242 5621 3882 1812 3094 6266 504 1304 9906 3069 2322 
25 677 854 6784 6579 6814 8184 6983 933 9111 9444 5574 5103 4912 6178 9588 351 8734 4149 8619 5142 4350 9404 207 3076 2165 
25 7399 7190 2385 9845 354 7341 582 2153 2662 8672 1376 9344 5528 5396 3034 3516 4468 752 4670 2144 5474 1306 218 3084 2326 
25 2432 9707 8686 8902 5201 448 9405 7807 120 7738 2956 4603 4547 7046 6949 2672 6954 3243 4522 3705 9517 1150 220 4577 5055 
25 7270 7186 4109 9702 6247 4939 7575 8334 3593 2765 7333 6219 3649 6472 1016 5385 3074 1611 1998 9413 4471 1258 6870 3087 2329 
25 5445 9559 3622 6630 1734 4940 9482 4686 4584 5650 4920 8074 4253 3309 9848 4065 9826 5927 5203 9644 4103 7228 224 4568 8925 
25 3743 9864 7877 1697 7874 3845 4264 209 9652 1715 1053 2462 3874 7367 6114 4559 1025 1279 1927 8707 9977 1157 226 7851 2334 
25 9698 3693 7837 713 1634 3947 473 4624 3416 7101 7466 6497 8857 6683 2621 4780 5178 4927 9076 6210 8613 9472 229 3012 8923 
25 3527 3208 3414 9002 3640 2429 6730 6085 1828 7179 7761 233 6282 4373 2379 3800 4684 5634 8165 944 6795 1153 6534 2983 2337 
25 1305 1866 5554 9370 6670 5172 3799 326 6068 4335 5133 1461 2404 3058 6530 6108 2013 1292 7776 7863 5270 1261 231 7809 8921 
25 7320 1269 2245 5263 3463 1353 3052 7361 7551 6855 5908 9578 1977 9672 503 3614 5284 3192 1882 411 2693 5873 234 4650 5048 
25 1978 3817 5678 4206 708 8800 6161 2771 8361 8105 6167 5099 8853 5761 8474 6599 4598 7839 4015 3305 6351 5828 6872 4649 5047 
25 6654 4171 5746 7232 6201 1700 5305 8099 7418 963 2977 9346 3060 7908 4086 4312 1061 6306 7972 4977 7238 9476 204 8638 7623 
25 3988 4659 3675 8878 7712 6200 396 3307 7802 7455 701 1477 9001 261 1806 4814 8974 7305 5058 5122 7100 5791 242 2993 7625 
25 8329 5025 1010 4282 313 4821 8950 7631 816 2398 9483 4415 7940 9758 5353 1468 1793 2443 9059 756 4401 5825 6533 8636 1972 
25 769 41 3203 8848 4196 7066 9023 5541 863 6974 7935 286 9161 7324 5785 9074 9204 436 5490 2182 7758 5821 9891 2998 1950 
25 2106 5598 1257 7097 9038 529 4024 6808 9816 4734 4440 2380 9083 2562 3297 9455 1362 6318 6992 36 2308 1277 247 7813 9097 
25 6456 3051 2305 2207 2167 2791 382 2247 1842 22 1237 4748 1420 1780 3634 1289 5550 8473 18 3488 2905 7235 251 8633 1951 
25 6901 4233 7816 7117 7381 7102 6197 8246 1396 5074 8016 696 2567 3499 1975 5277 9540 103 5033 3687 2227 5874 6527 7814 5331 
25 1438 3976 7263 1755 843 254 4014 6413 2178 7749 7730 1034 584 2792 2388 486 349 8781 1074 1974 8411 5877 9887 4641 5312 
25 7070 9626 4544 9341 4749 5540 9566 2198 8339 2451 9687 125 551 2524 8914 555 2034 1329 3718 4295 3287 9417 6524 4640 5311 
25 3253 956 1494 4481 9180 8952 1852 658 5835 1889 1947 5297 7178 3194 3004 287 3720 5928 9745 298 653 1285 9885 8582 1956 
25 700 3786 4207 5369 4111 7065 9205 8835 4587 1371 514 4845 7897 4152 7247 8657 6773 743 5401 329 662 5493 6521 3014 1958 
25 3607 2651 372 4677 7654 7316 1106 9462 4060 3919 3847 8807 771 121 434 1334 5389 7563 5431 257 8641 1677 6520 7820 1961 
25 9393 4948 7709 8042 2415 5710 6425 2958 1471 874 2768 3479 356 7895 3195 5185 6432 1585 5609 5644 6981 7395 6518 8625 1962 
25 1178 211 1883 8434 8420 6078 9388 4714 8889 5729 3404 9435 6861 8248 4114 2189 9197 2933 3214 9056 8718 1680 9921 4622 9088 
25 945 3148 1215 9769 5112 3462 2729 9136 1235 1145 4244 3177 5271 4131 9142 3695 238 5897 5392 274 4337 1682 144 8622 5296 
25 3471 2512 8737 4807 7882 4555 2776 1551 4988 9080 6370 4964 5088 4550 153 8836 6617 2481 8295 2976 759 5512 148 7825 7509 
25 4885 3426 3579 3146 1062 3077 5514 6025 5101 4874 1459 9686 5155 3282 340 2405 8041 2962 4769 4364 4339 5504 6603 3020 9099 
25 1315 7116 2006 2107 4652 4515 2470 2348 2042 1409 7145 2124 2012 6646 8571 4175 7412 264 6830 7295 421 9215 9932 7826 5294 
25 8149 5719 6912 7457 1489 1048 8785 9930 1702 2214 387 1119 6103 1567 745 2575 9212 9162 1435 4303 6090 1691 9931 8618 5293 
25 1543 2520 5628 1884 607 3710 2314 1920 1668 7949 177 9456 8812 6184 6688 9318 7026 8919 1339 9818 7702 1694 160 3021 1976 
25 5424 7243 2904 1480 5662 5803 4256 9882 4992 1169 8687 8466 725 8037 7447 6787 2833 110 4188 140 4210 9211 6600 4614 5286 
25 7475 225 3875 66 4495 9284 1424 1037 2552 4858 4198 5427 3353 6511 7786 628 5397 6598 8626 5325 1093 5501 165 7833 5275 
25 6694 6718 2605 2352 6946 6196 2805 9395 8813 7276 2368 3438 2328 1058 5153 2758 4943 1847 8859 9615 1056 1699 170 4446 5273 
25 1066 6851 7477 1729 7891 3862 7724 7732 6205 1320 676 5107 8125 2014 3831 6126 6468 4611 2592 5373 6685 9206 176 4488 7519 
25 4309 8085 462 3779 1721 5815 7312 6674 694 6471 8129 3590 9892 7139 6812 9954 3567 7859 679 5683 6955 5524 6586 3172 2002 
25 4214 5324 172 7224 6125 8609 6930 2777 3645 305 3432 9835 1535 5379 2798 1219 5568 1648 1983 2929 8690 9203 181 4483 2007 
25 3572 8989 4585 2551 3220 5009 7650 3647 9183 7167 5804 6820 4552 8288 6363 1669 5056 8442 4945 7978 4631 1704 9922 3184 5272 
25 6110 3891 1835 2184 6426 9640 4136 112 8656 1154 3391 6036 6532 6267 3315 5252 9221 1795 4010 3690 7152 5478 9759 8543 7522 
25 9216 4153 8653 2377 9478 2444 8326 9874 5032 6883 5106 7871 4639 6274 6328 3660 9280 139 1007 2752 6616 5476 182 3185 5269 
25 6780 6786 3778 4485 9192 8263 365 232 3550 5502 2413 6459 4535 9788 1964 2807 2474 5768 5625 4994 82 1705 6853 4476 1905 
25 9544 3170 3167 2543 8984 6921 2159 4658 3210 1695 1450 2884 931 2459 8307 3144 9998 6589 3031 9115 5551 9198 9918 8540 5398 
25 6794 950 3557 5437 7920 9574 8421 4121 267 6863 7848 1679 1769 6190 2789 912 7386 7023 3162 7221 3861 5471 6569 4474 1887 
25 9523 3849 3105 4537 8505 6638 9167 5704 9039 6131 6469 909 3881 6372 30 3597 7336 6546 6499 7955 8454 9196 9916 4473 7472 
25 3236 4507 3029 374 2556 2600 7829 5958 3924 5534 6560 62 8936 8822 4618 9528 1026 5982 783 9331 3359 1708 9915 7899 1892 
25 8024 4661 8328 9364 15 3783 9496 8624 4595 4539 733 4597 5482 5374 413 8867 9667 4237 5912 5774 9638 1713 9914 8535 5390 
25 9851 8792 6698 168 415 2439 6548 3865 2645 7656 8244 9337 2510 9491 9979 3661 7317 637 2747 3256 3026 5467 6559 3204 9123 
25 157 57 3732 3334 3403 4008 7384 3358 5656 43 9208 2037 7743 9240 952 5000 6591 6118 8553 1623 8837 1718 195 3158 5376 
25 9852 2941 1968 6902 5933 5380 4248 104 7543 9724 5911 8524 7727 3515 5450 8678 5617 9493 4284 879 1701 5538 6539 8532 1898 
25 5744 5406 6652 9151 8239 1121 3578 1436 5622 4798 8254 2817 6047 4025 7774 2915 5015 3423 8422 3684 9971 5549 9910 3207 9120 
25 7229 2559 9035 4642 982 6907 9763 137 7619 3782 6478 9899 5763 7421 1373 6146 8478 4998 3206 5470 5508 9250 9909 4445 7476 
25 222 7572 5602 1256 993 9054 9328 5367 1143 5041 4903 1434 1463 7942 2317 4516 5126 7596 8515 1141 6289 5547 926 3218 5370 
25 4894 8588 6836 2442 5014 8827 1264 9335 2345 2526 4477 7306 2343 2489 8456 1548 6998 1925 858 983 7481 1619 910 8528 7482 
25 4833 9325 3542 1369 1211 5875 9213 8903 2682 6162 9418 4107 6077 9230 3352 3519 6564 2827 5831 2267 7898 1622 9606 4432 5362 
25 2356 3068 2681 7628 7763 239 3970 5124 6678 8720 8415 4096 2044 5919 9021 4469 1337 4567 1486 7426 3994 5545 7093 7904 9069 
25 8509 376 8040 846 2467 8767 6982 2702 612 3211 484 6714 7797 5085 7646 7672 1021 6779 8398 5886 8808 5544 6051 3223 7487 
25 88 1170 3596 9738 2751 2898 7757 6558 2084 5094 6337 5483 1253 8871 42 2400 6651 1555 1419 8863 9201 1626 913 3224 5361 
25 9581 5601 9561 7191 9463 6529 1716 4441 2713 7605 838 972 3948 5641 1606 7850 5789 8929 368 9220 3140 9243 914 7906 7489 
25 3951 3398 2686 7448 8595 9809 2386 1218 7987 130 5452 7271 2403 6174 999 7225 4868 7991 6881 3719 8467 1633 9601 3237 1923 
25 8175 513 2418 9349 2972 1523 3625 1955 6251 2780 8954 2804 8366 2743 4294 2101 9660 6696 1890 8888 4218 1636 9600 8519 5348 
25 530 7956 2072 9817 9836 3989 1392 5520 8842 2142 9408 1816 875 9534 9091 7538 1712 3624 4991 7300 8606 5542 9599 4538 7496 
25 4184 7088 1101 4200 9015 280 4520 8530 3776 800 5132 5310 4004 5428 3178 9957 8281 7801 7147 3387 8556 1722 923 4563 1929 
25 8204 9806 9138 9628 7464 4854 8426 8745 7849 6169 4036 8494 7016 943 6668 9040 9415 9597 1990 8623 5696 5536 6032 4557 1931 
25 2581 6502 9429 4302 5500 9632 3222 1860 6415 2640 4439 4933 8399 9098 3320 6436 8341 3563 8522 3344 953 7390 7105 7855 1935 
25 2571 8128 1406 8444 3054 5995 5583 6811 6743 6608 215 8961 7532 7071 9708 8570 2265 7233 1354 525 1579 1645 925 3097 5334 
25 5890 8708 2675 164 8257 4937 7812 9361 6620 97 1640 25 8746 2004 2860 9699 595 6973 1398 6895 3956 1646 9608 4556 1939 
25 3329 892 761 7156 5082 6762 6407 7286 9130 2173 3397 6235 2466 9028 4917 7280 1303 5750 6614 7436 7189 7391 6022 4545 1948 
25 6952 7759 583 4656 9620 5709 6703 5222 2122 9547 6763 1485 3678 3155 5066 3285 3095 2024 8006 5119 343 1652 6019 3107 9025 
25 2917 6327 4255 7840 2118 3123 9449 5375 1827 7613 1457 5441 1298 2478 77 7853 9659 2734 8396 132 1624 1653 6018 8572 2098 
25 6150 7373 4467 9273 5356 6474 5941 8546 5675 7683 5136 1505 9471 476 2514 7970 7995 4688 1846 8880 26 5531 7111 4542 2100 
25 6656 6403 5934 3721 2074 7912 865 3216 6298 4098 7924 7921 917 3767 1027 4081 1096 1616 2725 2593 6112 1658 7115 3110 5176 
25 6457 378 4139 7234 2622 3490 873 3139 4173 6609 11 37 4881 2906 4562 2811 3766 7981 6143 401 6999 9227 939 8569 2114 
25 4679 4194 4895 2105 6662 150 4663 2996 7210 8987 9092 3774 9742 5624 1943 2518 673 5972 911 6358 4735 7393 6011 3111 9034 
25 4414 8642 5866 1223 3793 1592 2319 5340 6156 1325 8049 9991 127 6671 9812 4774 9653 5247 1312 6522 556 1662 948 4540 2117 
25 6044 896 9477 138 2216 2089 4744 3072 9175 9706 6376 5228 2483 3096 7262 2003 3944 7170 3920 8255 5633 7459 6010 3480 5175 
25 3333 4056 9011 5663 7876 8967 3867 4549 1493 2461 7699 6778 3365 3008 1762 6666 7930 3983 6664 9217 1043 1813 954 3120 5174 
25 585 2828 3190 1142 7325 6255 4266 4314 3135 8077 2447 6284 4187 8651 2849 9340 4463 255 9271 441 6490 5432 955 4531 5173 
25 9935 1874 3133 5799 9272 4224 8296 6009 699 9102 9110 5200 227 1608 2759 3165 2569 5418 5834 4212 2421 7450 5988 3125 2130 
25 8578 7442 2181 8869 5279 8007 7237 4372 7750 5052 1179 6094 2646 3502 9302 8457 460 259 6005 3407 5364 5423 7123 4530 7559 
25 8382 417 4475 1799 3044 2568 7791 1741 841 4675 1989 3599 3761 7435 6697 6386 4422 6941 9301 4606 7350 1823 6084 4509 5159 
25 1635 7692 6809 2952 4689 8502 3699 4906 5323 824 2756 7674 2744 7506 9535 8500 4465 362 3923 4941 2922 5416 9637 8558 2134 
25 9401 2696 266 739 7355 5386 7830 3049 5872 808 9186 2306 5691 1916 1933 7545 9997 1506 7642 3383 2298 5415 807 4501 5179 
25 9305 4028 9952 7574 5161 7180 2614 6963 6375 4608 7856 9453 6320 9618 2199 2503 6653 8634 8389 1706 8137 1825 6096 3134 9024 
25 7913 8158 2738 649 4772 2206 2979 4947 8926 7091 8297 9924 2570 3079 7213 7258 5826 1148 1159 5148 9555 5414 818 7878 2138 
25 6404 3112 6965 4546 2601 8285 7663 9939 6203 2988 5194 237 5145 8794 6034 6157 2195 654 1906 1380 5202 1829 820 4490 7565 
25 9768 6160 9557 3050 4249 5262 8214 9103 9458 9299 5314 2263 5444 198 6027 9843 1296 5177 9241 7718 1938 5412 828 7881 2145 
25 8978 3541 6098 3646 6641 35 2835 1768 6738 6081 4655 2102 3760 3806 5151 1391 2844 5645 4785 3098 4723 7458 835 3153 2148 
25 1867 6024 6805 550 4705 7666 1105 2498 4528 7259 8471 1017 4472 6937 1283 6397 6391 4287 4752 9032 3662 9146 836 3797 2152 
25 4665 3605 6172 8023 2187 6848 4125 8545 8603 3829 8930 8584 94 4190 1112 9978 1291 5846 593 5637 9781 5434 840 3745 7566 
25 7928 2026 7174 741 5566 1453 6699 545 2033 8018 1578 7653 7099 9989 793 2367 4588 6577 9438 4971 393 7460 845 3749 5149 
25 297 4706 241 1192 8035 618 4758 5792 8933 657 4039 1417 1265 6926 3296 735 2965 8234 8751 2550 1149 1848 6093 3755 7568 
25 3869 7710 7398 7120 9586 7000 9026 252 9884 7643 8432 7425 8881 848 3306 5290 9066 9437 538 7621 9756 5408 6087 3762 9013 
25 19 7406 1601 9303 2737 9209 9152 7370 5715 3873 154 5383 9825 4202 6744 3878 1116 185 269 327 9117 5407 859 8113 5144 
25 5510 823 5853 5237 7245 5308 5626 7662 1891 2740 9880 2931 9621 7925 8579 850 317 7073 8141 246 3369 1855 962 3771 2163 
25 273 8086 772 1944 6615 2537 6873 3556 1629 7351 9143 1032 9275 9688 6347 2001 5968 9427 205 9287 6723 1858 868 3780 5244 
25 5358 3442 1862 3993 876 1252 1537 6414 8896 3395 4775 8912 7872 3363 9293 6224 4674 7409 7540 5942 1210 5404 869 3781 7524 
25 9627 6199 5034 6884 9116 3174 9118 4323 3332 3532 4370 1885 4053 5152 388 1802 2331 6015 4904 9616 5485 5399 6080 8238 9067 
25 1447 7253 1422 8062 1800 1443 1639 4204 7648 1839 96 4893 2700 7523 3577 5276 4498 3001 2629 7051 6782 1868 6074 3791 5266 
25 4437 4914 1040 7468 2663 3251 4566 4493 5708 8316 5694 3639 4533 9762 5805 2534 9873 6496 3434 2887 5395 1878 6073 3792 7527 
25 1888 7612 4969 4347 1693 9789 5983 9837 4043 7479 5963 1596 1382 2716 2063 5594 5429 9793 6057 3535 936 1880 6063 8235 2029 
25 9901 9654 7576 2327 2548 7922 4384 6513 8817 3997 7638 1988 3764 5019 5246 1957 2458 5073 8724 9323 811 1881 9614 8119 5265 
25 3103 719 6133 3859 9433 6367 2722 433 3319 7552 2584 3846 5028 7063 5747 5922 2767 8402 3312 2454 1788 1758 899 4013 5264 
25 5693 2881 9037 7048 6333 1146 6268 4093 8564 5552 7868 1075 7491 2485 6406 3628 5820 6217 4862 5814 6271 5460 900 8232 9061 
25 6269 9042 2585 7535 4986 2969 1914 9928 2495 4871 8772 695 7076 1399 3183 3917 958 6310 1487 6959 4909 1726 901 8120 5254 
25 4637 187 3418 5289 8615 1387 5054 3905 3221 692 7698 9368 7745 7703 9017 8935 9258 2895 7517 1909 265 1730 906 8230 9058 
25 9976 6536 8529 9752 1348 4117 5021 1597 9879 1203 9870 7153 335 7798 243 2871 7584 5462 8663 3652 8523 1731 6060 3987 5248 
25 9514 6570 435 2399 5994 6122 1733 3262 4219 7075 1690 2859 1924 3392 4179 2391 860 3106 9383 1751 6479 9184 9533 3812 7537 
25 9412 2536 8274 6752 7794 9925 272 8431 9709 2590 2045 9367 9524 8977 798 8205 9124 1481 149 7416 4281 5459 1022 3819 2038 
25 3257 6039 4593 4863 9543 1345 8009 1746 2882 412 2052 8968 8514 2168 6106 1763 5141 1077 9986 631 2858 1740 9545 8226 5010 
25 8351 2999 9564 8840 4583 4154 5679 3731 6975 8576 4889 7461 3152 87 3996 5328 2779 1152 3943 8084 5072 1744 1035 3820 2055 
25 7249 6252 9842 6523 4558 8682 8510 9407 9132 3808 7222 6880 1583 9261 3539 6495 4367 1442 1522 8526 7202 7433 5944 8122 7539 
25 61 8055 8379 599 6321 5698 6722 7383 1561 5307 1603 1368 6726 2071 1836 6256 9248 6207 7074 7126 4484 5456 1038 3825 5232 
25 2519 656 9104 6173 2954 6451 5700 7867 4388 813 3339 6636 7462 46 1070 45 3171 3604 1467 5118 1156 9178 5939 8222 9049 
25 8587 1228 2577 4615 5885 8033 6181 2715 5411 6747 2587 186 7547 9900 8436 6092 5281 5903 1018 8461 9391 9176 5937 8123 5230 
25 6916 3958 8323 3615 2927 2151 5238 2284 8691 6802 3127 8192 1241 8600 7658 5871 5869 8320 1736 6819 6676 1615 7154 8124 5225 
25 7957 4536 7555 2967 2802 2176 9804 7962 871 1717 6006 6270 6561 4773 3706 1440 3995 7484 8110 4506 8089 5454 1052 4040 2070 
25 6296 8449 8694 7309 3119 5043 3493 5844 3747 5268 8593 8852 6604 384 8060 2842 5703 4859 9580 1514 1091 5449 1055 4049 5224 
25 2135 1845 704 3394 461 1587 6345 4979 1042 827 8403 7047 5079 7265 8655 347 6860 5787 1259 796 7358 9172 9536 8098 5198 
25 3549 9202 4328 5782 7379 7148 458 1266 4064 3930 7507 1135 9634 1765 6352 8741 6899 2127 3835 9775 7404 5446 7157 3711 2090 
25 3024 4494 5861 5901 8395 3009 7682 2501 6272 2156 8111 9232 6915 6276 145 915 201 8066 4180 3591 1659 7441 1060 3712 5190 
25 1515 6575 2143 1723 9487 4119 4645 5779 5169 9188 3182 6682 8065 6628 8525 2733 7015 1180 7518 4479 7824 5443 1020 3713 2096 
25 2147 7554 2426 5888 2900 3722 3691 5870 5959 6389 3401 3473 6838 4235 3142 7328 8483 7218 2679 1764 1982 5439 9532 8269 7751 
25 6765 9121 8747 1332 1771 3108 9785 6567 3894 5724 3323 1979 4211 4313 8577 6435 236 9358 9560 7869 9782 5438 9530 4047 2818 
25 4687 2963 4355 2657 3921 8266 3233 4921 8306 7564 8937 9907 1236 3610 7497 478 3242 7973 1696 7303 5354 1801 1064 8267 8730 
25 7975 375 9144 6634 1689 1081 1031 3992 1352 2688 3164 7887 8886 3592 8472 7905 4573 4976 1654 3356 566 1805 5931 8100 7742 
25 7553 8458 3531 2893 2652 2383 3159 173 6245 6452 6277 9480 9951 3509 4083 7127 1166 9541 4676 9827 3132 1808 7160 8265 2820 
25 4829 5766 7207 6484 2338 2782 3487 8796 290 8233 4334 4827 8011 5943 3759 5197 6796 2046 5657 1333 2196 1809 1076 4042 8727 
25 2774 856 6237 6729 1676 5250 5567 5317 6116 5352 4629 1742 1563 9155 8347 6791 974 8114 1661 2821 2785 5661 9525 4041 8726 
25 1273 1986 6739 6248 9046 9246 4957 8991 219 2109 5480 2984 6431 577 1753 2655 6986 8183 5630 3890 3099 1446 7163 3723 4778 
25 5227 3196 5285 7792 715 2731 6420 6806 4852 3750 544 3145 789 1063 3744 5378 9373 7424 6691 78 7257 9334 1080 3836 4766 
25 3025 2578 922 9485 355 5464 8560 689 9185 578 6336 339 7340 620 8045 9218 134 9590 1129 7722 9489 1452 9522 8260 8723 
25 7911 3047 8309 7580 5405 6659 1861 6565 1672 2580 6980 4106 1188 1246 4715 6195 834 9266 7029 7526 1225 7307 1082 3727 8722 
25 9691 5189 7569 9031 6498 4365 6163 938 4221 9539 3027 6483 9315 7449 3056 5759 3864 960 8386 2197 59 5682 9520 4023 2822 
25 9267 7934 380 2261 1873 663 3278 1275 2279 3796 4400 3191 6240 4975 9064 7785 4513 4460 1274 1973 9747 7311 9999 3730 4760 
25 961 8795 5899 6067 7415 1967 405 5360 9821 1724 5016 2561 6429 162 1099 3980 9148 5170 129 7831 7261 9329 966 3733 2824 
25 3055 1794 4387 6279 5306 1319 1598 1357 6308 3538 2834 5610 1556 2340 891 9414 9008 2027 6046 1894 1404 5672 971 4022 2816 
25 2531 3816 9406 4981 8731 7267 7446 1466 7277 8359 3116 3372 1844 2500 8394 9984 1490 6553 4604 648 5138 9326 973 8106 8717 
25 5090 502 212 7456 6864 3785 1681 2505 5906 6813 801 5984 1656 6225 3822 8598 7345 3742 3327 6233 1001 5669 9573 8253 8716 
25 3017 8728 3384 2809 7873 4787 3686 3946 512 7536 2111 3794 767 4166 5518 968 6394 1817 6481 2730 3189 1472 976 3737 4759 
25 7329 166 2020 2240 3149 8534 4058 742 9237 6996 8250 5231 4619 6590 8427 6841 6166 4412 3932 4510 3115 5665 978 8251 2830 
25 203 9207 3770 8799 833 6503 9810 1907 7474 518 5651 467 9933 1819 4519 6852 9542 6070 4165 7052 9940 1473 980 3741 8712 
25 5517 8302 6476 4664 5557 4628 85 7933 1921 8916 7779 4398 4351 2095 9713 6421 258 712 2689 4275 5819 9336 9569 4018 2836 
25 9003 1773 7445 4888 9158 728 4607 3470 7108 5005 2086 7125 1959 496 5898 5251 8313 6050 6988 5024 3229 1478 9568 3945 4757 
25 7104 208 6537 8520 2078 9249 2330 636 2602 8695 8335 7130 8245 8661 8031 3355 6788 6107 7818 4911 5606 1479 9567 3884 2839 
25 2788 8555 7693 8227 7109 6512 8932 643 782 6593 2766 4575 2690 5129 3635 8017 3235 7110 2301 2097 8862 5659 5987 3886 2840 
25 4848 7188 1206 6966 3991 9297 4046 9832 5929 1761 8428 1432 2075 815 4487 6055 7388 534 9750 6177 7242 9317 994 3887 7756 
25 3410 6971 9473 6984 7010 9190 4291 4930 6504 3967 3085 6705 1405 5608 4887 8186 7031 1607 4737 5812 3558 5653 995 3889 2843 
25 9254 615 2015 5377 6571 7716 2281 3961 2414 4835 7960 2800 717 6454 115 2978 3676 1144 3002 7402 6933 5652 6099 8138 2845 
25 7657 2511 6618 141 377 7870 7999 4770 1932 6540 1922 1853 449 7128 7852 2028 6542 1546 5673 3872 5499 5647 5977 8139 4755 
25 7198 3090 8698 8644 338 5040 8610 4623 3266 152 6043 9844 4386 135 6440 5062 7892 927 4457 1418 8044 5646 1003 3954 2764 
25 6412 1363 8075 4907 7701 9508 2710 6756 7741 4512 5183 7331 9584 7910 5259 2707 6373 360 9193 5162 7954 9312 5973 3897 4811 
25 8736 3364 5409 1637 7810 3802 7440 2479 7508 3342 754 8475 4853 7948 2290 5940 7618 4230 4240 1614 7593 9311 1006 3950 7731 
25 610 8378 8412 3453 5879 6888 3907 1504 4876 151 8258 9575 9777 5329 7919 191 5781 2120 6187 4949 7410 5631 7133 8147 4803 
25 7965 8856 6058 7366 5017 4318 293 997 847 1516 6297 5639 7939 517 9973 8358 3186 5316 4000 5051 2494 9309 5961 8178 7733 
25 400 986 9452 6121 7811 320 8268 3141 4828 5619 7635 2438 9422 6797 6892 427 4745 570 9239 1928 731 9350 1009 3899 2746 
25 5402 1557 5808 128 2482 3316 3433 1840 8209 4336 9403 591 3187 4262 2739 5075 959 9371 3715 2310 1139 5745 5960 8174 4799 
25 6069 7428 3147 3651 4062 4924 1872 4561 5582 740 6362 7729 569 6109 1818 8172 6037 2719 8061 2069 2677 5731 5953 3883 4795 
25 9504 9166 633 3157 990 402 9228 9459 877 3232 6707 5038 3823 1125 1754 2970 101 1859 6760 6257 3302 7281 1015 3914 4793 
25 1593 6202 5920 55 9920 4832 9666 9298 4804 930 2040 6488 5315 5384 5283 9170 3854 4231 594 1127 9661 1385 5950 8171 8753 
25 117 9705 4088 4666 9847 3181 5120 9229 2299 6556 9348 2687 4317 9946 213 1582 7056 4162 4701 675 9577 7283 7146 3941 2750 
25 8557 6742 4247 3669 2220 6574 744 1647 27 1501 670 8841 3215 2047 9222 7765 1536 7144 2456 7310 2772 5726 6226 8169 4790 
25 3371 1079 2480 1580 4293 3952 8071 9043 4989 5140 3345 4800 9943 5725 6754 7835 7514 7896 5728 7670 4898 5723 9726 8152 7739 
25 200 3632 8198 1521 4843 199 688 1709 481 8135 2944 2239 8318 4168 4974 581 3143 3046 3448 5974 7753 7288 632 3922 2755 
25 5205 3513 2781 5757 7347 8182 9795 4085 7414 2209 693 2420 5670 1117 4647 844 4633 1497 7427 3408 6792 7289 635 3934 4750 
25 4349 8671 1160 6967 6885 216 5158 3007 9718 379 9853 4299 6887 3814 4681 1214 6211 7165 7087 3298 2139 9354 7008 8154 2770 
25 6822 1349 64 8225 4300 8693 8590 2596 4007 6859 8348 8231 5556 6313 1670 2925 314 3304 1901 3497 5068 1403 6227 8156 2773 
25 4307 2869 5012 2141 6120 4819 5123 9469 521 3973 6254 9583 9730 5191 3241 3548 9697 221 1936 3010 6610 7290 9721 8163 8744 
25 6724 2711 6767 5998 3469 2989 5495 3483 9902 5952 4899 4006 3768 9356 2325 4707 9057 1895 613 1290 6154 7335 638 3931 2786 
25 3168 7690 9313 6871 4066 987 2665 9510 7397 3602 2542 6377 6868 5487 6846 1971 4161 1544 5613 4451 2049 1408 9719 3928 2794 
25 8342 7451 1912 4130 8670 601 352 6042 2351 6262 5511 2997 809 1184 5905 4176 3581 9961 9840 4751 9531 1410 641 3858 8740 
25 2735 3585 8882 6356 5860 9790 1496 2924 6862 851 3813 4016 8353 6640 9149 4754 5239 8860 1238 7485 9119 5714 7011 3985 8738 
25 3200 9846 1745 1644 6839 6833 7394 8750 4356 6856 3361 4362 4461 1029 5475 7571 2946 8997 2728 1483 710 5707 9716 8217 2806 
25 3005 8868 6409 5182 7490 1245 7014 6643 214 7021 7907 1370 8469 8026 4464 7369 470 7660 8417 8683 9786 1425 644 8216 2813 
25 6695 8425 8637 1309 9171 8063 2039 2653 1767 9378 2303 5261 5156 7740 2186 3062 9181 324 6847 5935 6465 1426 9714 8215 4779 
25 4761 1386 7846 779 3566 6832 4685 8283 883 5614 7746 8692 5186 941 3554 1893 8602 8482 9360 8581 2886 5697 6241 3984 2814 
25 8699 4021 248 6493 4605 8591 2164 8440 7556 4850 8963 1610 6854 2162 4290 1270 5833 1786 7719 471 5979 5688 6221 3838 2815 
25 4080 4421 2464 506 5256 9800 8173 2128 2874 2205 9839 5168 6835 9855 8317 9772 804 8809 4316 7083 7044 1437 9711 3978 7795 
25 8406 9680 3138 6379 6208 9881 886 8160 4395 7363 5706 1388 647 6117 8315 8264 4610 8765 5989 5876 8185 1439 6212 8211 2897 
25 6304 9087 7246 3746 3092 9681 1340 9330 9089 155 929 2676 3918 7777 6095 2685 8058 4265 7184 430 5776 9339 7017 8210 8669 
25 4225 8614 957 8783 3608 4087 1783 1896 8293 4847 903 905 5061 8032 4169 9587 3151 9622 4905 4553 9399 7304 6193 3848 2902 
25 1200 1613 8464 9362 8667 8259 428 2468 4326 3756 1856 5403 1448 3037 6017 3964 469 5741 6007 9253 7138 5573 7024 8131 4716 
25 627 1908 1430 4869 7691 947 7236 1779 2285 889 2068 9571 5013 5681 9006 3460 6588 9958 8567 4390 5435 1559 664 3856 8666 
25 1372 7171 2661 9712 7823 4209 4690 5692 870 9894 2803 6038 8649 5100 777 8153 9279 21 5591 2595 7767 1562 667 3857 2908 
25 8146 8773 1994 6633 6159 3053 7296 278 332 8081 8922 9062 6947 8759 3834 4995 2339 7332 9384 4771 3464 1569 669 8275 2909 
25 6875 6402 7915 7561 2829 4035 7762 6155 8029 8357 3575 3725 9235 7033 6238 6204 281 3485 705 2113 6991 9277 9703 3860 7789 
25 8133 4511 4673 5245 7150 3621 3083 2613 1328 3828 8003 490 5421 890 8109 2396 4126 3015 1772 9676 3902 5592 6191 3975 2914 
25 3067 5381 5967 7372 2171 935 7344 8748 8228 6192 1182 7326 9085 6622 2177 6501 3600 3280 7781 1147 2251 1573 6185 8201 4700 
25 7357 6182 2108 8823 9641 5523 9410 5391 3154 4892 7006 7796 1171 9553 3348 4765 3234 6334 5923 7744 3850 1574 6170 3971 2926 
25 4742 2742 9744 1271 2885 2272 812 774 8161 4870 217 6134 1162 2057 7240 1103 2193 5533 9664 1118 2493 1575 6250 8199 4695 
25 7993 284 1491 8506 3974 9779 3565 3940 9357 8039 6264 5303 895 8752 8732 4444 8391 9883 4702 8824 437 5588 6278 3969 4691 
25 5440 1189 9546 2975 2790 9987 6772 2190 7737 6446 4634 2183 1743 9841 17 5667 1991 2022 5257 8517 2604 5586 6273 8196 7784 
25 9974 775 9127 1564 8768 1470 244 6326 3701 9268 1650 8811 1464 8068 1782 4928 6144 4620 2259 3505 1987 5578 573 8195 2936 
25 7585 6023 5535 691 9141 7894 3117 1045 6179 536 5680 4919 7521 8476 1821 8479 3303 5388 6661 4069 296 1577 9753 3870 2939 
25 1830 8190 1864 6198 7342 6165 2248 596 6312 8177 4710 6382 4708 6286 5932 5917 3981 9596 5515 1643 6417 5575 6260 3871 8654 
25 7141 6485 5287 7916 5769 8981 3459 250 4878 1776 8034 3308 2753 2945 2053 1361 8589 3641 2226 3787 6595 9281 6258 3965 2940 
25 3197 5955 5300 8945 3636 3340 6858 8159 5027 3714 3022 4565 7893 3258 9949 8828 5581 1572 8658 1952 2188 7368 9749 3880 4683 
25 975 1625 2639 6818 3851 2121 3193 4423 7778 3682 118 2058 3895 7582 5585 985 6281 7800 6145 9955 3417 7371 587 8349 2951 
25 6265 4973 4586 7602 9139 4990 4591 8093 4358 7598 9975 4582 2572 7511 6510 9807 6936 9423 6568 2158 1456 5563 6993 8364 2953 
25 8448 8102 1002 2907 2132 6920 3338 83 5522 524 2611 1151 2546 5755 8050 7854 5736 6759 5623 2847 3522 1594 590 8363 2961 
25 1995 4090 8804 9537 3839 7043 1198 4777 1365 3406 9460 1525 8067 5925 3013 4721 1234 8676 5867 9591 7836 1599 6994 3525 8648 
25 4733 9282 9505 7686 1433 2332 857 1008 8121 531 4001 8733 7966 509 33 2877 3357 3926 4680 8132 7979 9259 6995 3526 4671 
25 565 6293 4450 7903 7647 1047 9179 6387 8833 8599 546 6234 4722 6790 123 4061 9783 8452 9332 3702 7251 1602 6997 3528 2964 
25 483 511 9199 9045 5699 409 9112 3574 9441 3082 5036 72 1571 7541 174 4946 6837 8998 932 472 5543 5561 685 3533 2968 
25 6189 9466 91 76 7045 4667 2513 6897 8779 520 6385 2146 7113 5488 7841 1797 3977 3658 7244 6509 2615 7374 9739 4177 2876 
25 6735 2384 4643 2366 7193 9052 7197 3269 7353 1886 4012 6938 5780 414 7755 721 6594 6732 5773 2389 4324 7375 603 3536 2848 
25 6547 3697 4376 1803 5756 2477 2021 3657 996 8312 8549 7883 8513 8875 1482 491 9521 8920 7604 5685 4492 7376 7001 3543 4747 
25 2784 8167 6877 5425 3708 1186 4429 9948 8088 6089 8360 1651 2574 5843 7124 4551 6175 1287 2094 7382 6458 5555 9736 3545 8700 
25 533 1111 2919 6538 1123 2599 2942 202 686 1428 2085 5171 3118 1229 4736 8834 3942 9014 3853 4251 579 9294 7002 3559 2851 
25 6228 6381 6305 7558 7525 6128 5702 90 6061 542 9572 5992 7003 4574 3389 9798 3677 3019 4216 6500 4122 5629 611 3560 2853 
25 6710 6119 8575 711 6021 4711 7579 3910 887 1612 9366 1239 6180 4148 429 5772 3936 8082 3180 9168 9131 1495 6246 8350 4741 
25 6418 7438 245 6969 7119 9270 2670 2031 1469 2948 2476 9594 2607 4368 8757 4579 3131 8369 5117 522 8777 7338 616 8365 2862 
25 2603 2973 1910 1250 6672 4274 5976 2762 510 6380 1918 2428 4144 1766 4413 9562 4357 1044 5302 1851 764 9304 623 3562 7766 
25 271 7092 9495 507 9022 3534 2959 5219 7528 1474 7327 589 1197 4110 564 2054 7423 8097 7032 571 7723 5618 6242 8046 2865 
25 2278 5771 1500 2982 2270 8918 8597 1870 4289 6953 508 2808 6866 1068 3260 8270 2624 1826 7034 8552 5883 1507 626 3569 2868 
25 2507 4855 8965 1553 7843 8020 2634 9963 4739 34 105 6733 350 4609 6525 2262 3290 7748 8755 6315 2280 5616 630 8345 4732 
25 328 8191 5069 7941 7567 9722 4366 7503 5655 7616 1707 7187 7747 7200 5258 8845 2091 4134 7959 3255 3903 1510 6111 3571 7771 
25 2934 2293 1221 501 6799 1402 6563 6102 1098 5481 8725 1737 6578 3594 5823 2995 5096 5109 8488 2866 3080 7343 7053 8048 2873 
25 2123 9068 8652 5160 6450 8407 3939 3 5292 4278 5154 5807 7775 8056 5249 597 3070 8130 4 8336 4145 7348 762 3586 8762 
25 9996 3176 9286 660 6550 2115 2228 6462 817 4816 178 9113 8325 5830 7652 1621 2460 7669 8966 5735 6624 9296 6136 3588 8685 
25 1609 4815 4653 9735 8831 9859 680 7958 8719 2093 8459 6416 8208 5039 14 9715 6411 3179 2486 4697 1837 7349 7057 4158 8684 
25 8484 419 9761 6168 9934 6900 1281 2431 3547 9027 1531 2852 9440 6427 4589 2555 312 5845 6544 136 2175 5749 763 3589 4729 
25 2986 1441 1326 8640 2390 4396 8273 5031 8763 9400 7254 2416 6071 6583 4856 3385 3227 4375 4075 7828 4936 1540 766 8337 2878 
25 3654 6076 5636 3482 9897 8212 7143 2323 9969 4521 7420 2761 7715 9381 5577 2425 4172 1484 389 3059 2103 1542 770 4156 4726 
25 4935 381 3735 7422 1104 1041 5093 2547 659 9135 8673 369 9445 38 5104 810 341 4199 4267 6911 7405 5599 7058 3504 2880 
25 1313 8338 1970 6987 9631 4246 306 9225 4163 586 9050 3521 1649 7470 404 9041 619 9936 3627 6045 8507 9290 7059 3484 4725 
25 2465 8462 3990 8485 1942 9321 5451 1750 3751 2901 106 8241 6346 5330 3868 2763 5115 466 5233 5253 5571 1545 6127 8022 4719 
25 8559 3435 9720 1710 7266 2244 2635 6331 6223 969 1781 5221 1167 9603 7483 788 9646 625 1400 8372 7844 5597 6124 4203 2888 
25 9757 159 444 799 9475 8150 9651 1937 4101 4560 3818 3225 6826 1124 2043 5740 9434 8 9589 5900 2409 5596 6113 4197 8674 
25 6139 5717 9830 2180 1005 1004 3573 2119 8284 364 7542 330 2406 8064 9223 5796 7431 5742 7337 2490 4554 1547 784 4193 2890 
25 1757 6026 6393 3773 3740 4050 7707 3949 6932 6793 3933 6129 5648 9995 8344 6236 3551 4500 3642 8538 1642 1549 758 3491 7783 
25 4071 4143 1222 3393 3199 9114 9072 9570 2254 3915 9872 5267 3161 7030 3300 4797 2204 2637 8322 2133 299 1552 9650 3492 2530 
25 6711 4630 29 4709 8179 6898 1804 7205 9866 9701 6581 5255 7945 3166 1678 4669 4434 8999 4236 4813 4978 7356 790 4192 4951 
25 6410 4882 7548 3663 8401 7140 6602 8450 9419 8512 5313 2932 6549 4999 2392 3876 8487 1824 9214 13 3863 1558 9648 4191 2491 
25 6913 8155 5193 9481 4703 6000 4394 4805 9079 4430 3368 253 9353 8983 5288 4329 4548 1014 2879 2371 4923 398 792 8384 2492 
25 7499 7129 1109 1046 4147 8298 9224 2831 4830 1875 3689 9320 4138 4381 5509 1411 7385 4458 7974 5505 4678 6467 794 4189 8850 
25 3972 3795 7019 9065 5442 5472 3016 2957 2854 2793 1917 6395 6344 4621 8393 6443 6979 7803 9145 1318 4057 361 795 3500 2499 
25 8890 7040 4205 3623 2320 5603 7009 5981 2955 3351 1067 1785 5529 4382 1899 1940 4438 2631 7131 1698 8468 6461 6104 3503 2502 
25 3375 8157 1560 4872 8134 9813 1297 8291 2680 2023 4902 1444 765 6972 53 331 3561 5946 6827 3254 2361 6444 7069 8053 8847 
25 2166 7118 2981 2928 2324 353 9474 3130 4217 4074 634 5007 7961 6097 2282 386 8206 4896 6249 6016 3000 383 9642 4186 2508 
25 4020 6740 661 646 8261 6764 6605 3101 6655 1911 2535 7060 5562 9372 6720 3653 9767 8647 3824 9937 6448 6441 797 8377 2509 
25 8262 5713 9563 2867 2304 7636 7365 1208 1381 6905 4100 2065 5993 2527 7947 4534 885 3681 5936 8541 1174 6439 805 3514 2516 
25 9805 5516 7211 403 4938 580 1078 9917 5116 7212 2565 9748 8621 1566 6343 822 2083 197 9669 2155 5894 390 9639 8375 2521 
25 9965 9140 9289 5466 1299 2 5163 1012 1965 7090 3968 3979 7529 345 8144 9905 1877 1638 559 8282 9970 391 747 8374 2528 
25 5049 5060 6689 1276 459 7769 8843 275 6940 4330 9363 884 600 4627 8242 3150 8095 9269 9953 9898 4142 392 690 3517 2529 
25 672 1384 4031 8194 6825 8620 7389 6734 2374 8872 6712 3784 288 5795 4791 9683 4763 291 2349 5002 8893 6917 702 4185 2488 
25 5282 9538 9402 6491 852 8970 2649 7610 8909 2419 1458 2891 882 2201 6962 7583 1445 9154 3447 1019 108 9834 7035 8371 8838 
25 5727 549 6649 7463 3798 8617 9288 4345 5083 4259 1423 6798 9108 5914 9519 2616 3343 8946 2372 8126 1663 6918 706 8036 2540 
25 4984 9409 4327 3205 4654 6751 5366 4942 3673 9612 4932 7067 6886 8604 8743 9051 1792 3998 2286 1128 3128 9849 707 4181 2544 
25 8370 7196 6526 7401 8368 1667 5394 9425 8437 1302 6904 9125 2365 1954 308 8608 294 1476 5930 1641 7302 9831 9693 4178 7673 
25 8832 4826 8664 4167 1584 3672 639 5858 4523 3421 4449 7339 359 3075 7885 3091 1397 2612 4570 8891 7667 6919 7036 3523 2554 
25 3603 4228 6340 1176 9421 3685 4970 5537 8127 2947 3467 8819 803 179 5216 2573 1155 171 1161 3671 3346 9829 9690 8078 2563 
25 519 2217 4078 7808 3267 2375 8960 6332 5878 6736 4730 4055 7827 4201 9911 574 2727 2218 3520 6384 4269 406 729 4124 2564 
25 3546 2112 4867 5907 3104 1518 6601 928 668 2667 6681 2350 8776 7944 2630 7655 2005 3040 6335 4926 142 6434 7038 8304 2579 
25 6053 5477 4792 2235 1831 4499 4297 2116 9420 7865 7550 9655 6091 228 158 7659 9169 3390 2277 1085 4783 410 737 3643 4931 
25 7230 753 2673 4602 8079 4636 3038 4250 760 7608 5091 5336 2452 6449 7396 2812 3801 7121 8162 1347 5150 6433 7039 8301 2586 
25 394 4657 3477 1897 9633 8300 230 6164 8493 4433 9244 9386 9426 4524 5236 9692 5767 289 8168 5676 8941 6419 746 3644 2591 
25 423 4017 3122 2748 1415 2846 4834 399 6033 9077 4890 5484 5590 6506 7560 2099 4419 9486 3273 8710 831 418 1083 4120 4929 
25 5856 6430 6316 8901 4594 5486 74 8601 4880 839 7578 7292 71 3707 5822 4997 6627 2656 598 4925 1284 6405 748 3656 2457 
25 4648 7884 802 196 475 5684 8237 1509 6064 7914 8465 1039 4280 7094 2980 8303 2423 9814 9942 7161 2032 6400 749 8070 8885 
25 2720 5234 3249 6562 3877 4411 8798 8688 318 2990 8294 2288 6072 1401 8709 8810 2237 5513 4820 2289 6487 6390 750 4116 8884 
25 5086 726 7162 1774 3772 5214 9424 7501 2048 1065 5180 3736 1666 984 9689 8729 6876 301 6086 5778 3431 6371 9677 4108 2441 
25 4794 830 2292 671 7208 4352 5187 1314 6777 6253 8643 1854 6531 9342 5640 2370 5355 6088 1427 5918 2318 302 6153 3664 5003 
25 768 9291 6663 9319 9382 7077 965 1255 1233 2837 9236 3953 3852 3955 6728 2422 5492 6990 2864 8839 4425 6517 7042 3665 2445 
25 825 8118 7988 1595 5417 916 3476 7546 5904 714 3428 3247 6075 3202 6287 1739 5975 937 4993 7725 5718 9878 6152 4095 7641 
25 9625 69 4063 1193 5991 9611 970 2016 6149 5882 1688 5496 8388 9492 8565 6950 2437 2855 5797 1570 3507 6514 9673 4127 8879 
25 3294 92 9696 1568 1282 4879 9649 2017 543 3788 2841 4155 1814 5965 407 9377 3376 1820 7432 2594 4005 9876 6148 3679 2448 
25 119 655 7512 8207 8447 9694 2899 5525 7322 3501 1770 7805 806 2066 8754 8680 5489 75 592 6834 7773 9875 757 4091 4996 
25 9347 4115 6541 7203 5892 5351 1532 7081 3439 7982 2309 3508 1554 4436 3832 3896 7400 738 6214 2449 3081 270 7049 8080 2450 
25 32 6645 1263 1102 918 7085 8539 8938 3230 6359 8289 3209 5135 4616 9908 7544 7478 1703 778 8047 8677 6507 9668 4077 8874 
25 474 7346 4913 6582 65 4944 4443 5076 7169 4360 2778 703 9858 3018 8805 344 4447 4442 6789 7760 5410 6505 4319 3688 7649 
25 4980 2912 8713 9030 3789 9264 9554 4044 2632 6137 8749 4026 2674 7082 7886 4837 40 5570 6317 8527 888 6889 4338 8091 4987 
25 9164 5649 523 5818 4696 2291 9658 7392 7149 5627 2256 1520 9592 276 9379 4581 8107 4672 9674 7977 3322 295 3284 3698 8825 
25 4112 8955 5996 7515 9778 9988 4884 1393 1338 3136 7998 5851 4596 2889 23 2346 9966 4427 3252 4916 1732 6890 3286 8280 8870 
25 7471 9345 6473 463 3601 8814 1429 8917 8419 8662 4503 7858 6660 2137 1673 8354 8286 3400 5687 8554 722 6494 7937 8279 2463 
25 7557 7494 1272 3885 5764 1248 7321 732 9060 7637 5852 6083 9857 7675 8014 5223 6028 420 5368 7946 5461 9865 3288 8278 4983 
25 5948 9610 3311 6580 47 6062 2916 2504 7284 3382 4407 4590 5945 7275 3003 7480 8986 5839 4626 51 1966 431 3289 4054 8866 
25 7430 6329 9394 4104 8477 2241 6716 4802 4985 5605 1714 7195 3815 7486 614 7132 4952 6968 1295 6748 8877 6492 7938 8276 8865 
25 1240 1735 9992 3904 8373 2589 6008 485 397 5530 6353 4389 1807 2440 866 4226 111 31 8409 1454 3380 307 4332 8319 4972 
25 1674 7114 9128 7013 2648 8951 5584 1050 81 5347 7923 6383 5139 5026 9173 2161 2433 5813 4448 1822 7112 316 8480 8054 4968 
25 5668 4713 7901 1752 7301 2174 9972 385 8542 2850 2668 9833 9919 1631 5732 3827 6635 3728 8340 8392 5333 9860 4325 8333 8861 
25 8787 2313 8631 8774 751 1902 6366 1502 3121 1165 3137 7137 8605 5526 9893 4668 2194 4151 6621 395 1360 321 7943 8332 4962 
25 7465 4704 175 1232 6002 7227 5210 310 3704 1778 4470 2832 1960 8568 4738 2283 2191 9527 1849 8508 4157 322 3310 8331 4961 
25 9314 8367 6893 7209 2455 9160 5371 4857 2274 9896 5260 4527 4322 1719 940 5468 6396 3240 3609 6158 2321 325 4321 8330 4955 
25 8711 9450 1220 3584 3065 9263 4105 5862 9962 1539 500 8408 7107 7838 6231 776 5226 6592 6585 3804 8778 9854 4341 3611 2487 
25 4910 9947 2453 6041 908 1177 1791 552 9548 6001 5765 3962 4740 4543 9959 3419 5985 2011 6731 6230 9359 6477 3313 8057 2691 
25 1465 6244 5465 3314 709 9292 6213 561 7250 5372 5802 9598 6951 6275 9094 5128 8790 4288 447 9791 8069 6470 4315 3612 2658 
25 2783 9619 3966 4048 9968 4426 2857 6030 1033 8562 9565 4625 1946 6945 4508 9624 2125 8249 6576 4578 7437 336 3324 3613 2659 
25 6123 1323 6956 3775 2382 3524 8616 979 9941 2633 4762 8544 6259 4391 1600 1049 4174 4333 8043 2430 1377 9850 7950 3617 4883 
25 6239 1100 9743 4113 7799 1030 9082 8995 3299 1072 2359 7505 7443 6894 4283 440 3449 2692 366 5339 1084 6300 7951 3618 8789 
25 8803 7861 9526 6757 1949 7513 7176 5565 8883 9490 7549 7599 334 1389 6891 2974 3175 4019 5494 2249 5758 6330 7953 8321 2664 
25 1503 1627 7364 7931 292 3583 3292 4369 7534 2557 9107 8627 2532 5298 3379 9740 3700 5910 5458 7268 1207 6323 8463 4140 4865 
25 8435 4034 8791 1838 6029 282 8101 8103 1451 4011 6727 2387 2826 5447 5365 8387 333 5677 5806 7720 5895 492 3337 4662 2669 
25 6831 9316 5695 9815 8953 6263 622 4635 4359 4070 4409 9822 3078 7694 9518 3071 540 323 2475 4215 1120 495 4310 3619 2671 
25 2056 8681 4788 3425 2335 2515 425 6882 5519 8844 4123 8383 8004 2446 8975 7419 6105 192 9365 8352 9499 6322 4308 3620 7705 
25 666 3655 9265 7609 3510 1692 7217 7220 9327 7790 2741 5097 6928 2533 7734 1059 3330 3769 7772 1760 1375 6960 3341 4133 7708 
25 3616 6942 7687 3073 6865 3879 7793 3474 5309 8030 5343 6785 1130 9324 2369 9231 8982 7845 2608 8202 7182 6964 4305 3626 4861 
25 2883 1565 2706 893 2355 2539 4776 3842 7927 3354 6171 7782 8635 7488 5786 7736 3452 7084 9808 2638 7183 6314 3347 4129 4846 
25 497 6132 6280 1364 7004 3765 7668 8492 7403 7926 3659 6309 3810 1675 3217 5580 3529 4897 5705 1216 1378 526 3259 3630 7713 
25 2436 4958 3833 2082 7929 5291 6059 5023 6552 8928 3006 3511 6040 1632 9428 7269 9868 6052 1903 1526 7185 9776 4424 3631 4886 
25 734 3629 8996 8766 5001 6989 7633 3667 1996 4529 6692 9982 9016 4030 9516 2703 4272 3844 7151 5147 5788 6311 7909 8311 8775 
25 9306 1863 4223 8028 3381 5957 2754 2401 3360 678 1342 4089 2472 1533 547 4612 9501 3336 2219 5280 5926 532 4416 3633 7714 
25 9078 6186 849 6587 2126 5829 5503 5559 6054 2732 3045 3668 9678 4454 3568 4222 6781 9200 188 8397 5896 6302 7917 3637 4841 
25 8203 1550 5304 4195 2935 8547 5658 7098 1316 6243 567 2364 9695 426 4632 7027 9343 5022 7408 5720 1322 480 3246 8308 2697 
25 4693 7134 1833 6879 8277 8193 3228 6925 1810 1945 5921 9904 4838 5564 2336 2598 1268 9509 2136 5889 1131 9771 7918 3638 4823 
25 3281 9820 1113 1013 2315 4784 4698 4840 8650 2081 2018 8108 1590 8537 2087 9105 2545 4361 2064 6388 7166 9770 4399 7601 8770 
25 109 6101 6985 4353 3753 572 8761 8583 442 9233 5498 8362 2092 2705 8355 5612 5969 5455 4982 3959 1336 535 4393 7590 2704 
25 6206 1527 2008 2061 3466 1834 1199 5006 6357 2712 1421 7411 8924 1108 7012 4408 5413 4459 3301 7577 998 6976 4392 2238 2709 
25 5235 6843 8801 5816 39 4699 4718 2745 1168 1941 1657 2636 6325 6823 2721 2212 3268 2354 6176 1164 5753 548 4383 2243 4818 
25 7314 7889 8176 9613 4170 3443 9355 5382 5301 3446 814 2796 588 3982 9903 2749 642 8151 6464 8327 5790 9766 4378 5084 4817 
25 8784 210 1407 7804 5990 1963 9278 7417 7735 1591 3913 5430 7495 2333 4572 189 8015 6914 9895 5664 7252 9765 4374 8972 2724 
25 9733 6141 730 7172 5837 4806 7282 8314 8705 3738 3805 4915 2896 2222 3587 2654 4646 3670 9787 8087 9396 6291 8503 8971 4812 
25 9550 921 2110 2402 4141 3461 3938 9799 1163 5080 3061 8116 785 4420 3399 5521 1187 1280 3023 1092 1327 6288 4301 2252 2618 
25 2538 8758 9133 7380 8272 2525 3173 2684 6292 8200 9754 5278 7142 1413 5327 1351 4456 5924 1462 6545 9398 557 8501 2253 7676 
25 6466 8566 8629 2910 1685 2717 3454 2062 621 505 904 8851 7695 4051 6130 6140 5204 4768 4844 488 9387 6285 3264 5078 7678 
25 8236 7994 3325 193 93 161 6910 285 9234 1790 2903 8906 8969 4466 4102 9861 5320 5419 4252 3335 1350 562 8499 2257 7681 
25 3821 2036 902 780 9823 7278 6816 1449 1286 907 7248 7330 1317 6551 2088 5195 9760 1390 2258 2795 1089 455 4363 5077 2597 
25 6706 4873 8892 6392 2937 9033 4406 4801 4135 4033 880 6486 2471 7492 7158 1278 977 6460 1720 262 9380 432 8497 7600 8818 
25 3555 5576 1414 2233 527 1194 1913 3893 4644 9944 337 872 5196 2266 7780 681 5242 8180 8090 2736 5775 6934 4354 8964 2606 
25 1097 9134 4875 4245 1980 1455 4029 1879 5827 5999 1538 4486 9036 2302 9529 8240 1 8455 1919 8424 7168 438 3274 2225 4922 
25 4601 300 5783 6455 3925 7847 9457 5167 5042 1508 6572 7651 6142 1915 2911 7520 1036 1748 163 7054 7173 9811 3275 7603 4918 
25 7685 7020 5241 3326 9871 3648 8189 9636 3498 4651 4727 9310 9964 7055 6374 5643 9189 1581 2059 8083 7264 6935 3277 2269 2609 
25 4455 554 4767 8864 7614 5689 2231 1604 487 3757 3763 8721 4073 113 861 7377 7297 6014 5098 6354 9507 443 3279 2271 2610 
25 6424 156 832 5473 7645 1981 5849 516 7516 114 5181 6463 4831 8764 8145 6447 3086 5207 5057 2294 1088 6368 4348 8959 2617 
25 7862 9071 4260 3826 4953 2626 9436 8821 9630 4851 7890 6554 3219 3674 2541 4132 2870 9717 4079 6701 1344 446 8490 2273 7688 
25 9274 9890 8290 4227 4003 9000 2412 8247 10 4164 9704 2150 9385 5572 8944 1811 8460 5949 781 605 1087 6365 8002 8957 4908 
25 5387 8445 9226 5212 9191 541 7629 5674 2875 3213 1175 6709 3909 5420 988 5326 4864 8305 5318 3595 1343 6364 7989 2276 7467 
25 5721 9464 6031 6596 6584 133 8855 7679 126 4478 4694 8287 6658 2588 2344 184 2643 9494 3724 9764 5916 452 8423 7606 2620 
25 9670 5295 147 9684 7594 1355 5690 8550 357 5635 8504 1789 1071 7500 4934 7473 6049 609 6844 1158 1086 9803 4271 2287 4901 
25 206 3030 3366 8826 5143 1796 2179 8446 3263 4397 8531 4304 9096 4431 5770 5671 2985 9307 3518 1366 1374 6355 7992 5071 2625 
25 3445 7704 7135 7226 9187 3754 4232 6970 9044 3212 4526 8164 4076 7664 8381 2723 4692 5604 5832 1195 7175 263 3422 8949 2627 
25 3411 9926 8229 8806 4128 6713 7860 7298 9498 4613 1499 5004 5102 99 5938 9824 9147 7359 9048 5363 1107 464 4268 8948 8802 
25 4428 5507 2787 9981 951 9100 1057 9442 1686 3650 8416 9081 5527 2619 3960 2050 2157 3405 9773 9552 1356 465 3427 8947 2628 
25 277 5332 7493 4866 8073 5184 9886 3843 6824 878 2154 8742 4453 4514 8117 9994 6845 3283 1172 5811 1359 6944 8414 7586 4900 
25 7677 842 4836 1660 3169 9950 3489 5050 6629 3570 8252 2769 6408 7199 2863 5131 3465 16 3244 7025 1114 6350 7996 2169 7696 
25 489 3276 4966 7444 9106 5954 3537 7627 4452 9602 6515 7817 7256 7291 8894 6684 6147 2035 9663 9700 5784 9796 3440 5130 8797 
25 3544 5970 7323 8915 315 6771 1132 991 2407 2051 7062 8390 4809 5739 1617 8846 5737 1262 7624 8166 9515 6349 7997 2170 4891 
25 8219 6216 9497 6519 1110 7770 9734 9392 7726 7531 9053 6369 8052 4340 1926 5146 576 9656 3716 6978 9390 9794 8000 9005 7700 
25 3129 9511 5809 5208 8573 477 1394 6475 260 6829 8660 4571 7866 6516 727 4082 7806 2823 6194 9129 1115 6348 8001 9004 2650 
